0 info it worked if it ends with ok
1 verbose cli [ '/usr/local/bin/node', '/usr/local/bin/npm', 'start' ]
2 info using npm@3.10.10
3 info using node@v6.11.1
4 warn onload-script failed to require onload script npm-autoinit/autoinit
5 warn onload-script Error: Cannot find module 'npm-autoinit/autoinit'
5 warn onload-script     at Function.Module._resolveFilename (module.js:469:15)
5 warn onload-script     at Function.Module._load (module.js:417:25)
5 warn onload-script     at Module.require (module.js:497:17)
5 warn onload-script     at require (internal/module.js:20:19)
5 warn onload-script     at cb (/usr/local/lib/node_modules/npm/lib/npm.js:199:11)
5 warn onload-script     at /usr/local/lib/node_modules/npm/lib/npm.js:304:16
5 warn onload-script     at /usr/local/lib/node_modules/npm/lib/config/core.js:81:7
5 warn onload-script     at Array.forEach (native)
5 warn onload-script     at /usr/local/lib/node_modules/npm/lib/config/core.js:80:13
5 warn onload-script     at f (/usr/local/lib/node_modules/npm/node_modules/once/once.js:25:25)
5 warn onload-script  { Error: Cannot find module 'npm-autoinit/autoinit'
5 warn onload-script     at Function.Module._resolveFilename (module.js:469:15)
5 warn onload-script     at Function.Module._load (module.js:417:25)
5 warn onload-script     at Module.require (module.js:497:17)
5 warn onload-script     at require (internal/module.js:20:19)
5 warn onload-script     at cb (/usr/local/lib/node_modules/npm/lib/npm.js:199:11)
5 warn onload-script     at /usr/local/lib/node_modules/npm/lib/npm.js:304:16
5 warn onload-script     at /usr/local/lib/node_modules/npm/lib/config/core.js:81:7
5 warn onload-script     at Array.forEach (native)
5 warn onload-script     at /usr/local/lib/node_modules/npm/lib/config/core.js:80:13
5 warn onload-script     at f (/usr/local/lib/node_modules/npm/node_modules/once/once.js:25:25) code: 'MODULE_NOT_FOUND' }
6 verbose stack Error: missing script: start
6 verbose stack     at run (/usr/local/lib/node_modules/npm/lib/run-script.js:151:19)
6 verbose stack     at /usr/local/lib/node_modules/npm/lib/run-script.js:61:5
6 verbose stack     at /usr/local/lib/node_modules/npm/node_modules/read-package-json/read-json.js:356:5
6 verbose stack     at checkBinReferences_ (/usr/local/lib/node_modules/npm/node_modules/read-package-json/read-json.js:320:45)
6 verbose stack     at final (/usr/local/lib/node_modules/npm/node_modules/read-package-json/read-json.js:354:3)
6 verbose stack     at then (/usr/local/lib/node_modules/npm/node_modules/read-package-json/read-json.js:124:5)
6 verbose stack     at ReadFileContext.<anonymous> (/usr/local/lib/node_modules/npm/node_modules/read-package-json/read-json.js:295:20)
6 verbose stack     at ReadFileContext.callback (/usr/local/lib/node_modules/npm/node_modules/graceful-fs/graceful-fs.js:78:16)
6 verbose stack     at FSReqWrap.readFileAfterOpen [as oncomplete] (fs.js:366:13)
7 verbose cwd /Users/charlesdoiron/Desktop/InnovaFead/html
8 error Darwin 15.6.0
9 error argv "/usr/local/bin/node" "/usr/local/bin/npm" "start"
10 error node v6.11.1
11 error npm  v3.10.10
12 error missing script: start
13 error If you need help, you may report this error at:
13 error     <https://github.com/npm/npm/issues>
14 verbose exit [ 1, true ]
